array (
  'USER' => 'apache',
  'HOME' => '/srv/www',
  'SCRIPT_NAME' => '/ch12/php8_chat_ajax.php',
  'REQUEST_URI' => '/ch12/php8_chat_ajax.php?from=*',
  'QUERY_STRING' => 'from=*',
  'REQUEST_METHOD' => 'GET',
  'SERVER_PROTOCOL' => 'HTTP/1.1',
  'GATEWAY_INTERFACE' => 'CGI/1.1',
  'REMOTE_PORT' => '55062',
  'SCRIPT_FILENAME' => '/srv/www/ch12/php8_chat_ajax.php',
  'SERVER_ADMIN' => 'admin@localhost',
  'CONTEXT_DOCUMENT_ROOT' => '/srv/www',
  'CONTEXT_PREFIX' => '',
  'REQUEST_SCHEME' => 'http',
  'DOCUMENT_ROOT' => '/srv/www',
  'REMOTE_ADDR' => '172.16.0.88',
  'SERVER_PORT' => '80',
  'SERVER_ADDR' => '172.16.0.88',
  'SERVER_NAME' => '172.16.0.88',
  'SERVER_SOFTWARE' => 'Apache/2.4.29 (Unix)',
  'SERVER_SIGNATURE' => '',
  'LD_LIBRARY_PATH' => '/usr/lib',
  'PATH' => '/usr/local/sbin:/usr/local/bin:/usr/sbin:/usr/bin:/sbin:/bin',
  'HTTP_ACCEPT' => '*/*',
  'HTTP_USER_AGENT' => 'curl/7.68.0',
  'HTTP_HOST' => '172.16.0.88',
  'FCGI_ROLE' => 'RESPONDER',
  'PHP_SELF' => '/ch12/php8_chat_ajax.php',
  'REQUEST_TIME_FLOAT' => 1625120300.394946,
  'REQUEST_TIME' => 1625120300,
)172.16.0.88:from=*:curl/7.68.0
